<?xml version="1.0" encoding="UTF-8"?>
<!-- Generated by org.testng.reporters.JUnitXMLReporter -->
<testsuite ignored="0" hostname="PC-LONGNGUYEN" failures="0" tests="2" name="Run on Chrome" time="19.963" errors="0" timestamp="16 Jan 2023 08:36:01 GMT">
  <testcase classname="com.nopcommerce.user.Level_20_Manage_Data_Part_II" name="User_01_Register" time="3.866"/>
  <testcase classname="com.nopcommerce.user.Level_20_Manage_Data_Part_II" name="User_02_Login" time="3.591"/>
</testsuite> <!-- Run on Chrome -->
