-------------------------------------------------------------------------------
Test set: TestSuite
-------------------------------------------------------------------------------
Tests run: 2, Failures: 1, Errors: 0, Skipped: 0, Time elapsed: 20.855 s <<< FAILURE! - in TestSuite
User_02_Login(com.nopcommerce.user.Level_15_ExtendReport_AttScreenshot)  Time elapsed: 2.699 s  <<< FAILURE!
java.lang.AssertionError: expected [false] but found [true]
	at com.nopcommerce.user.Level_15_ExtendReport_AttScreenshot.User_02_Login(Level_15_ExtendReport_AttScreenshot.java:130)

