<?xml version="1.0" encoding="UTF-8"?>
<testsuite xmlns:xsi="http://www.w3.org/2001/XMLSchema-instance" xsi:noNamespaceSchemaLocation="https://maven.apache.org/surefire/maven-surefire-plugin/xsd/surefire-test-report.xsd" name="TestSuite" time="20.855" tests="2" errors="0" skipped="0" failures="1">
  <properties>
[...]
</properties>
  <testcase name="User_01_Register" classname="com.nopcommerce.user.Level_15_ExtendReport_AttScreenshot" time="4.181"/>
  <testcase name="User_02_Login" classname="com.nopcommerce.user.Level_15_ExtendReport_AttScreenshot" time="2.699">
    <failure message="expected [false] but found [true]" type="java.lang.AssertionError">java.lang.AssertionError: expected [false] but found [true]
	at com.nopcommerce.user.Level_15_ExtendReport_AttScreenshot.User_02_Login(Level_15_ExtendReport_AttScreenshot.java:130)
</failure>
  </testcase>
</testsuite>