<?xml version="1.0" encoding="UTF-8"?>
<testng-results ignored="0" total="2" passed="2" failed="0" skipped="0">
  <reporter-output>
    <line>
      <![CDATA[ [2023-01-16 15:35:53,958] Register - Step 01: Navigate to 'Register' Page
<br>]]>
    </line>
    <line>
      <![CDATA[ [2023-01-16 15:35:55,299] Register - Step 02: Enter to Firstname textbox with value is 'long'
<br>]]>
    </line>
    <line>
      <![CDATA[ [2023-01-16 15:35:55,535] Register - Step 03: Enter to Lastname textbox with value is 'qaba'
<br>]]>
    </line>
    <line>
      <![CDATA[ [2023-01-16 15:35:55,749] Register - Step 04: Enter to Email textbox with value is 'automationFC13229@qa.team'
<br>]]>
    </line>
    <line>
      <![CDATA[ [2023-01-16 15:35:56,002] Register - Step 05: Enter to Password textbox with value is '123456'
<br>]]>
    </line>
    <line>
      <![CDATA[ [2023-01-16 15:35:56,225] Register - Step 06: Enter to Confirm Password textbox with value is '123456'
<br>]]>
    </line>
    <line>
      <![CDATA[ [2023-01-16 15:35:56,439] Register - Step 07: Click to 'Register' button
<br>]]>
    </line>
    <line>
      <![CDATA[ [2023-01-16 15:35:57,526] Register - Step 08: Verify register success message is displayed
<br>]]>
    </line>
    <line>
      <![CDATA[ [2023-01-16 15:35:57,647]  -------------------------- PASSED -------------------------- 
<br>]]>
    </line>
    <line>
      <![CDATA[ [2023-01-16 15:35:57,866] Login - Step 01: Navigate to 'Login' Page
<br>]]>
    </line>
    <line>
      <![CDATA[ [2023-01-16 15:35:58,507] Login - Step 02: Enter to Email textbox with value is 'automationFC13229@qa.team'
<br>]]>
    </line>
    <line>
      <![CDATA[ [2023-01-16 15:35:58,747] Login - Step 03: Enter to Password textbox with value is '123456'
<br>]]>
    </line>
    <line>
      <![CDATA[ [2023-01-16 15:35:58,950] Login - Step 04: Click to 'Login' button
<br>]]>
    </line>
    <line>
      <![CDATA[ [2023-01-16 15:36:00,118] Login - Step 05: Verify 'My Account' link is displayed
<br>]]>
    </line>
    <line>
      <![CDATA[ [2023-01-16 15:36:00,227]  -------------------------- PASSED -------------------------- 
<br>]]>
    </line>
    <line>
      <![CDATA[ [2023-01-16 15:36:00,227] Login - Step 06: Navigate to 'My Account' Page
<br>]]>
    </line>
    <line>
      <![CDATA[ [2023-01-16 15:36:01,360] Login - Step 07: Verify 'Customer Info' title is displayed
<br>]]>
    </line>
    <line>
      <![CDATA[ [2023-01-16 15:36:01,444]  -------------------------- PASSED -------------------------- 
<br>]]>
    </line>
  </reporter-output>
  <suite started-at="2023-01-16T08:35:41Z" name="NopCommerce" finished-at="2023-01-16T08:36:01Z" duration-ms="19963">
    <groups>
    </groups>
    <test started-at="2023-01-16T08:35:41Z" name="Run on Chrome" finished-at="2023-01-16T08:36:01Z" duration-ms="19963">
      <class name="com.nopcommerce.user.Level_20_Manage_Data_Part_II">
        <test-method is-config="true" signature="deleteAllFilesInReportNGScreenshot()[pri:0, instance:com.nopcommerce.user.Level_20_Manage_Data_Part_II@2b2f5fcf]" started-at="2023-01-16T08:35:41Z" name="deleteAllFilesInReportNGScreenshot" finished-at="2023-01-16T08:35:41Z" duration-ms="93" status="PASS">
          <reporter-output>
          </reporter-output>
        </test-method> <!-- deleteAllFilesInReportNGScreenshot -->
        <test-method is-config="true" signature="beforeClass(java.lang.String)[pri:0, instance:com.nopcommerce.user.Level_20_Manage_Data_Part_II@2b2f5fcf]" started-at="2023-01-16T08:35:41Z" name="beforeClass" finished-at="2023-01-16T08:35:53Z" duration-ms="12205" status="PASS">
          <params>
            <param index="0">
              <value>
                <![CDATA[CHROME]]>
              </value>
            </param>
          </params>
          <reporter-output>
          </reporter-output>
        </test-method> <!-- beforeClass -->
        <test-method signature="User_01_Register()[pri:0, instance:com.nopcommerce.user.Level_20_Manage_Data_Part_II@2b2f5fcf]" started-at="2023-01-16T08:35:53Z" name="User_01_Register" finished-at="2023-01-16T08:35:57Z" duration-ms="3866" status="PASS">
          <reporter-output>
            <line>
              <![CDATA[ [2023-01-16 15:35:53,958] Register - Step 01: Navigate to 'Register' Page
<br>]]>
            </line>
            <line>
              <![CDATA[ [2023-01-16 15:35:55,299] Register - Step 02: Enter to Firstname textbox with value is 'long'
<br>]]>
            </line>
            <line>
              <![CDATA[ [2023-01-16 15:35:55,535] Register - Step 03: Enter to Lastname textbox with value is 'qaba'
<br>]]>
            </line>
            <line>
              <![CDATA[ [2023-01-16 15:35:55,749] Register - Step 04: Enter to Email textbox with value is 'automationFC13229@qa.team'
<br>]]>
            </line>
            <line>
              <![CDATA[ [2023-01-16 15:35:56,002] Register - Step 05: Enter to Password textbox with value is '123456'
<br>]]>
            </line>
            <line>
              <![CDATA[ [2023-01-16 15:35:56,225] Register - Step 06: Enter to Confirm Password textbox with value is '123456'
<br>]]>
            </line>
            <line>
              <![CDATA[ [2023-01-16 15:35:56,439] Register - Step 07: Click to 'Register' button
<br>]]>
            </line>
            <line>
              <![CDATA[ [2023-01-16 15:35:57,526] Register - Step 08: Verify register success message is displayed
<br>]]>
            </line>
            <line>
              <![CDATA[ [2023-01-16 15:35:57,647]  -------------------------- PASSED -------------------------- 
<br>]]>
            </line>
          </reporter-output>
        </test-method> <!-- User_01_Register -->
        <test-method signature="User_02_Login()[pri:0, instance:com.nopcommerce.user.Level_20_Manage_Data_Part_II@2b2f5fcf]" started-at="2023-01-16T08:35:57Z" name="User_02_Login" finished-at="2023-01-16T08:36:01Z" duration-ms="3591" status="PASS">
          <reporter-output>
            <line>
              <![CDATA[ [2023-01-16 15:35:57,866] Login - Step 01: Navigate to 'Login' Page
<br>]]>
            </line>
            <line>
              <![CDATA[ [2023-01-16 15:35:58,507] Login - Step 02: Enter to Email textbox with value is 'automationFC13229@qa.team'
<br>]]>
            </line>
            <line>
              <![CDATA[ [2023-01-16 15:35:58,747] Login - Step 03: Enter to Password textbox with value is '123456'
<br>]]>
            </line>
            <line>
              <![CDATA[ [2023-01-16 15:35:58,950] Login - Step 04: Click to 'Login' button
<br>]]>
            </line>
            <line>
              <![CDATA[ [2023-01-16 15:36:00,118] Login - Step 05: Verify 'My Account' link is displayed
<br>]]>
            </line>
            <line>
              <![CDATA[ [2023-01-16 15:36:00,227]  -------------------------- PASSED -------------------------- 
<br>]]>
            </line>
            <line>
              <![CDATA[ [2023-01-16 15:36:00,227] Login - Step 06: Navigate to 'My Account' Page
<br>]]>
            </line>
            <line>
              <![CDATA[ [2023-01-16 15:36:01,360] Login - Step 07: Verify 'Customer Info' title is displayed
<br>]]>
            </line>
            <line>
              <![CDATA[ [2023-01-16 15:36:01,444]  -------------------------- PASSED -------------------------- 
<br>]]>
            </line>
          </reporter-output>
        </test-method> <!-- User_02_Login -->
        <test-method is-config="true" signature="afterClass()[pri:0, instance:com.nopcommerce.user.Level_20_Manage_Data_Part_II@2b2f5fcf]" started-at="2023-01-16T08:36:01Z" name="afterClass" finished-at="2023-01-16T08:36:01Z" duration-ms="2" status="PASS">
          <reporter-output>
          </reporter-output>
        </test-method> <!-- afterClass -->
      </class> <!-- com.nopcommerce.user.Level_20_Manage_Data_Part_II -->
    </test> <!-- Run on Chrome -->
  </suite> <!-- NopCommerce -->
</testng-results>
